<?xml version="1.0" encoding="UTF-8"?>
<!-- Generated by org.testng.reporters.JUnitXMLReporter -->
<testsuite hostname="DESKTOP-FLV1Q8H" ignored="2" name="Test" tests="2" failures="2" timestamp="30 Oct 2019 05:10:24 GMT" time="0.059" errors="0">
  <testcase name="createParentLevels" time="0.0" classname="TestCases.TC006to10_LevelCreation_Activation_PublishDocument_PublishDraft">
    <failure type="org.testng.TestNGException" message="
Data Provider public java.lang.Object[][] CommonMethods.ProjectMethods.getData() must return either Object[][] or Iterator&amp;lt;Object&amp;gt;[], not class [[Ljava.lang.Object;">
      <![CDATA[org.testng.TestNGException: 
Data Provider public java.lang.Object[][] CommonMethods.ProjectMethods.getData() must return either Object[][] or Iterator<Object>[], not class [[Ljava.lang.Object;
... Removed 22 stack frames]]>
    </failure>
  </testcase> <!-- createParentLevels -->
  <testcase name="login" time="0.0" classname="TestCases.TC001to5_Login_UserCreation_AssignModuleAdmin_ModuleLandingPage">
    <failure type="org.testng.TestNGException" message="
Data Provider public java.lang.Object[][] CommonMethods.ProjectMethods.getData() must return either Object[][] or Iterator&amp;lt;Object&amp;gt;[], not class [[Ljava.lang.Object;">
      <![CDATA[org.testng.TestNGException: 
Data Provider public java.lang.Object[][] CommonMethods.ProjectMethods.getData() must return either Object[][] or Iterator<Object>[], not class [[Ljava.lang.Object;
... Removed 22 stack frames]]>
    </failure>
  </testcase> <!-- login -->
  <testcase name="requestDraft" time="0.0" classname="TestCases.TC010_RequestADraft">
    <ignored/>
  </testcase> <!-- requestDraft -->
  <testcase name="changedraftToDocument" time="0.0" classname="TestCases.TC011_DraftRequestsNeedingViewing">
    <ignored/>
  </testcase> <!-- changedraftToDocument -->
</testsuite> <!-- Test -->
