<?xml version="1.0" encoding="UTF-8"?>
<testng-results skipped="0" failed="0" ignored="0" total="0" passed="0">
  <reporter-output>
  </reporter-output>
  <suite name="Default suite" duration-ms="10" started-at="2020-01-08T15:10:16 IST" finished-at="2020-01-08T15:10:16 IST">
    <groups>
    </groups>
    <test name="Default test" duration-ms="10" started-at="2020-01-08T15:10:16 IST" finished-at="2020-01-08T15:10:16 IST">
      <class name="CommonMethods.ProjectMethods">
        <test-method status="PASS" signature="beforeSuite()[pri:0, instance:CommonMethods.ProjectMethods@59e5ddf]" name="beforeSuite" is-config="true" duration-ms="2948" started-at="2020-01-08T15:10:13 IST" finished-at="2020-01-08T15:10:16 IST">
          <reporter-output>
          </reporter-output>
        </test-method> <!-- beforeSuite -->
        <test-method status="PASS" signature="beforeTest()[pri:0, instance:CommonMethods.ProjectMethods@59e5ddf]" name="beforeTest" is-config="true" duration-ms="2" started-at="2020-01-08T15:10:16 IST" finished-at="2020-01-08T15:10:16 IST">
          <reporter-output>
          </reporter-output>
        </test-method> <!-- beforeTest -->
        <test-method status="PASS" signature="afterTest()[pri:0, instance:CommonMethods.ProjectMethods@59e5ddf]" name="afterTest" is-config="true" duration-ms="0" started-at="2020-01-08T15:10:16 IST" finished-at="2020-01-08T15:10:16 IST">
          <reporter-output>
          </reporter-output>
        </test-method> <!-- afterTest -->
        <test-method status="PASS" signature="afterSuite()[pri:0, instance:CommonMethods.ProjectMethods@59e5ddf]" name="afterSuite" is-config="true" duration-ms="991" started-at="2020-01-08T15:10:16 IST" finished-at="2020-01-08T15:10:17 IST">
          <reporter-output>
          </reporter-output>
        </test-method> <!-- afterSuite -->
      </class> <!-- CommonMethods.ProjectMethods -->
    </test> <!-- Default test -->
  </suite> <!-- Default suite -->
</testng-results>
